Determining if the pthread_create exist failed with the following output:
Change Dir: /home/hans/ardrone_ws/build/CMakeFiles/CMakeTmp

Run Build Command:/usr/bin/make "cmTryCompileExec468355415/fast"
/usr/bin/make -f CMakeFiles/cmTryCompileExec468355415.dir/build.make CMakeFiles/cmTryCompileExec468355415.dir/build
make[1]: Entering directory `/home/hans/ardrone_ws/build/CMakeFiles/CMakeTmp'
/usr/bin/cmake -E cmake_progress_report /home/hans/ardrone_ws/build/CMakeFiles/CMakeTmp/CMakeFiles 1
Building C object CMakeFiles/cmTryCompileExec468355415.dir/CheckSymbolExists.c.o
/usr/bin/cc    -o CMakeFiles/cmTryCompileExec468355415.dir/CheckSymbolExists.c.o   -c /home/hans/ardrone_ws/build/CMakeFiles/CMakeTmp/CheckSymbolExists.c
Linking C executable cmTryCompileExec468355415
/usr/bin/cmake -E cmake_link_script CMakeFiles/cmTryCompileExec468355415.dir/link.txt --verbose=1
/usr/bin/cc       CMakeFiles/cmTryCompileExec468355415.dir/CheckSymbolExists.c.o  -o cmTryCompileExec468355415 -rdynamic 
CMakeFiles/cmTryCompileExec468355415.dir/CheckSymbolExists.c.o: In function `main':
CheckSymbolExists.c:(.text+0x16): undefined reference to `pthread_create'
collect2: error: ld returned 1 exit status
make[1]: Leaving directory `/home/hans/ardrone_ws/build/CMakeFiles/CMakeTmp'
make[1]: *** [cmTryCompileExec468355415] Error 1
make: *** [cmTryCompileExec468355415/fast] Error 2

File /home/hans/ardrone_ws/build/CMakeFiles/CMakeTmp/CheckSymbolExists.c:
/* */
#include <pthread.h>

int main(int argc, char** argv)
{
  (void)argv;
#ifndef pthread_create
  return ((int*)(&pthread_create))[argc];
#else
  (void)argc;
  return 0;
#endif
}

Determining if the function pthread_create exists in the pthreads failed with the following output:
Change Dir: /home/hans/ardrone_ws/build/CMakeFiles/CMakeTmp

Run Build Command:/usr/bin/make "cmTryCompileExec1482573882/fast"
/usr/bin/make -f CMakeFiles/cmTryCompileExec1482573882.dir/build.make CMakeFiles/cmTryCompileExec1482573882.dir/build
make[1]: Entering directory `/home/hans/ardrone_ws/build/CMakeFiles/CMakeTmp'
/usr/bin/cmake -E cmake_progress_report /home/hans/ardrone_ws/build/CMakeFiles/CMakeTmp/CMakeFiles 1
Building C object CMakeFiles/cmTryCompileExec1482573882.dir/CheckFunctionExists.c.o
/usr/bin/cc   -DCHECK_FUNCTION_EXISTS=pthread_create   -o CMakeFiles/cmTryCompileExec1482573882.dir/CheckFunctionExists.c.o   -c /usr/share/cmake-2.8/Modules/CheckFunctionExists.c
Linking C executable cmTryCompileExec1482573882
/usr/bin/cmake -E cmake_link_script CMakeFiles/cmTryCompileExec1482573882.dir/link.txt --verbose=1
/usr/bin/cc   -DCHECK_FUNCTION_EXISTS=pthread_create    CMakeFiles/cmTryCompileExec1482573882.dir/CheckFunctionExists.c.o  -o cmTryCompileExec1482573882 -rdynamic -lpthreads 
/usr/bin/ld: cannot find -lpthreads
collect2: error: ld returned 1 exit status
make[1]: Leaving directory `/home/hans/ardrone_ws/build/CMakeFiles/CMakeTmp'
make[1]: *** [cmTryCompileExec1482573882] Error 1
make: *** [cmTryCompileExec1482573882/fast] Error 2


